# JRE version: Java(TM) SE Runtime Environment (7.0_45-b18) (build 1.7.0_45-b18)
# Java VM: Java HotSpot(TM) 64-Bit Server VM (24.45-b08 mixed mode linux-amd64 compressed oops)
Heap
 PSYoungGen      total 18944K, used 96K [0x00000000ec000000, 0x00000000edc00000, 0x0000000100000000)
  eden space 18432K, 0% used [0x00000000ec000000,0x00000000ec000000,0x00000000ed200000)
  from space 512K, 18% used [0x00000000edb00000,0x00000000edb18000,0x00000000edb80000)
  to   space 512K, 0% used [0x00000000edb80000,0x00000000edb80000,0x00000000edc00000)
 ParOldGen       total 40960K, used 39153K [0x00000000c4000000, 0x00000000c6800000, 0x00000000ec000000)
  object space 40960K, 95% used [0x00000000c4000000,0x00000000c663c438,0x00000000c6800000)
 PSPermGen       total 21504K, used 8059K [0x00000000bee00000, 0x00000000c0300000, 0x00000000c4000000)
  object space 21504K, 37% used [0x00000000bee00000,0x00000000bf5defe0,0x00000000c0300000)
GC Heap History (10 events):
Event: 67,047 GC heap after
Heap after GC invocations=111 (full 0):
 PSYoungGen      total 18944K, used 96K [0x00000000ec000000, 0x00000000edc00000, 0x0000000100000000)
  eden space 18432K, 0% used [0x00000000ec000000,0x00000000ec000000,0x00000000ed200000)
  from space 512K, 18% used [0x00000000edb00000,0x00000000edb18000,0x00000000edb80000)
  to   space 512K, 0% used [0x00000000edb80000,0x00000000edb80000,0x00000000edc00000)
 ParOldGen       total 40960K, used 29520K [0x00000000c4000000, 0x00000000c6800000, 0x00000000ec000000)
  object space 40960K, 72% used [0x00000000c4000000,0x00000000c5cd43b8,0x00000000c6800000)
 PSPermGen       total 21504K, used 8059K [0x00000000bee00000, 0x00000000c0300000, 0x00000000c4000000)
  object space 21504K, 37% used [0x00000000bee00000,0x00000000bf5defe0,0x00000000c0300000)
}
Event: 67,407 GC heap before
{Heap before GC invocations=112 (full 0):
 PSYoungGen      total 18944K, used 18021K [0x00000000ec000000, 0x00000000edc00000, 0x0000000100000000)
  eden space 18432K, 97% used [0x00000000ec000000,0x00000000ed181650,0x00000000ed200000)
  from space 512K, 18% used [0x00000000edb00000,0x00000000edb18000,0x00000000edb80000)
  to   space 512K, 0% used [0x00000000edb80000,0x00000000edb80000,0x00000000edc00000)
 ParOldGen       total 40960K, used 29520K [0x00000000c4000000, 0x00000000c6800000, 0x00000000ec000000)
  object space 40960K, 72% used [0x00000000c4000000,0x00000000c5cd43b8,0x00000000c6800000)
 PSPermGen       total 21504K, used 8059K [0x00000000bee00000, 0x00000000c0300000, 0x00000000c4000000)
  object space 21504K, 37% used [0x00000000bee00000,0x00000000bf5defe0,0x00000000c0300000)
Event: 67,409 GC heap after
Heap after GC invocations=112 (full 0):
 PSYoungGen      total 18944K, used 96K [0x00000000ec000000, 0x00000000edc00000, 0x0000000100000000)
  eden space 18432K, 0% used [0x00000000ec000000,0x00000000ec000000,0x00000000ed200000)
  from space 512K, 18% used [0x00000000edb80000,0x00000000edb98000,0x00000000edc00000)
  to   space 512K, 0% used [0x00000000edb00000,0x00000000edb00000,0x00000000edb80000)
 ParOldGen       total 40960K, used 31928K [0x00000000c4000000, 0x00000000c6800000, 0x00000000ec000000)
  object space 40960K, 77% used [0x00000000c4000000,0x00000000c5f2e3d8,0x00000000c6800000)
 PSPermGen       total 21504K, used 8059K [0x00000000bee00000, 0x00000000c0300000, 0x00000000c4000000)
  object space 21504K, 37% used [0x00000000bee00000,0x00000000bf5defe0,0x00000000c0300000)
}
Event: 67,741 GC heap before
{Heap before GC invocations=113 (full 0):
 PSYoungGen      total 18944K, used 17652K [0x00000000ec000000, 0x00000000edc00000, 0x0000000100000000)
  eden space 18432K, 95% used [0x00000000ec000000,0x00000000ed125360,0x00000000ed200000)
  from space 512K, 18% used [0x00000000edb80000,0x00000000edb98000,0x00000000edc00000)
  to   space 512K, 0% used [0x00000000edb00000,0x00000000edb00000,0x00000000edb80000)
 ParOldGen       total 40960K, used 31928K [0x00000000c4000000, 0x00000000c6800000, 0x00000000ec000000)
  object space 40960K, 77% used [0x00000000c4000000,0x00000000c5f2e3d8,0x00000000c6800000)
 PSPermGen       total 21504K, used 8059K [0x00000000bee00000, 0x00000000c0300000, 0x00000000c4000000)
  object space 21504K, 37% used [0x00000000bee00000,0x00000000bf5defe0,0x00000000c0300000)
Event: 67,743 GC heap after
Heap after GC invocations=113 (full 0):
 PSYoungGen      total 18944K, used 96K [0x00000000ec000000, 0x00000000edc00000, 0x0000000100000000)
  eden space 18432K, 0% used [0x00000000ec000000,0x00000000ec000000,0x00000000ed200000)
  from space 512K, 18% used [0x00000000edb00000,0x00000000edb18000,0x00000000edb80000)
  to   space 512K, 0% used [0x00000000edb80000,0x00000000edb80000,0x00000000edc00000)
 ParOldGen       total 40960K, used 34336K [0x00000000c4000000, 0x00000000c6800000, 0x00000000ec000000)
  object space 40960K, 83% used [0x00000000c4000000,0x00000000c61883f8,0x00000000c6800000)
 PSPermGen       total 21504K, used 8059K [0x00000000bee00000, 0x00000000c0300000, 0x00000000c4000000)
  object space 21504K, 37% used [0x00000000bee00000,0x00000000bf5defe0,0x00000000c0300000)
}
Event: 68,073 GC heap before
{Heap before GC invocations=114 (full 0):
 PSYoungGen      total 18944K, used 17652K [0x00000000ec000000, 0x00000000edc00000, 0x0000000100000000)
  eden space 18432K, 95% used [0x00000000ec000000,0x00000000ed125380,0x00000000ed200000)
  from space 512K, 18% used [0x00000000edb00000,0x00000000edb18000,0x00000000edb80000)
  to   space 512K, 0% used [0x00000000edb80000,0x00000000edb80000,0x00000000edc00000)
 ParOldGen       total 40960K, used 34336K [0x00000000c4000000, 0x00000000c6800000, 0x00000000ec000000)
  object space 40960K, 83% used [0x00000000c4000000,0x00000000c61883f8,0x00000000c6800000)
 PSPermGen       total 21504K, used 8059K [0x00000000bee00000, 0x00000000c0300000, 0x00000000c4000000)
  object space 21504K, 37% used [0x00000000bee00000,0x00000000bf5defe0,0x00000000c0300000)
Event: 68,075 GC heap after
Heap after GC invocations=114 (full 0):
 PSYoungGen      total 18944K, used 96K [0x00000000ec000000, 0x00000000edc00000, 0x0000000100000000)
  eden space 18432K, 0% used [0x00000000ec000000,0x00000000ec000000,0x00000000ed200000)
  from space 512K, 18% used [0x00000000edb80000,0x00000000edb98000,0x00000000edc00000)
  to   space 512K, 0% used [0x00000000edb00000,0x00000000edb00000,0x00000000edb80000)
 ParOldGen       total 40960K, used 36745K [0x00000000c4000000, 0x00000000c6800000, 0x00000000ec000000)
  object space 40960K, 89% used [0x00000000c4000000,0x00000000c63e2418,0x00000000c6800000)
 PSPermGen       total 21504K, used 8059K [0x00000000bee00000, 0x00000000c0300000, 0x00000000c4000000)
  object space 21504K, 37% used [0x00000000bee00000,0x00000000bf5defe0,0x00000000c0300000)
}
Event: 68,407 GC heap before
{Heap before GC invocations=115 (full 0):
 PSYoungGen      total 18944K, used 17652K [0x00000000ec000000, 0x00000000edc00000, 0x0000000100000000)
  eden space 18432K, 95% used [0x00000000ec000000,0x00000000ed125340,0x00000000ed200000)
  from space 512K, 18% used [0x00000000edb80000,0x00000000edb98000,0x00000000edc00000)
  to   space 512K, 0% used [0x00000000edb00000,0x00000000edb00000,0x00000000edb80000)
 ParOldGen       total 40960K, used 36745K [0x00000000c4000000, 0x00000000c6800000, 0x00000000ec000000)
  object space 40960K, 89% used [0x00000000c4000000,0x00000000c63e2418,0x00000000c6800000)
 PSPermGen       total 21504K, used 8059K [0x00000000bee00000, 0x00000000c0300000, 0x00000000c4000000)
  object space 21504K, 37% used [0x00000000bee00000,0x00000000bf5defe0,0x00000000c0300000)
Event: 68,409 GC heap after
Heap after GC invocations=115 (full 0):
 PSYoungGen      total 18944K, used 96K [0x00000000ec000000, 0x00000000edc00000, 0x0000000100000000)
  eden space 18432K, 0% used [0x00000000ec000000,0x00000000ec000000,0x00000000ed200000)
  from space 512K, 18% used [0x00000000edb00000,0x00000000edb18000,0x00000000edb80000)
  to   space 512K, 0% used [0x00000000edb80000,0x00000000edb80000,0x00000000edc00000)
 ParOldGen       total 40960K, used 39153K [0x00000000c4000000, 0x00000000c6800000, 0x00000000ec000000)
  object space 40960K, 95% used [0x00000000c4000000,0x00000000c663c438,0x00000000c6800000)
 PSPermGen       total 21504K, used 8059K [0x00000000bee00000, 0x00000000c0300000, 0x00000000c4000000)
  object space 21504K, 37% used [0x00000000bee00000,0x00000000bf5defe0,0x00000000c0300000)
}
Event: 68,409 GC heap before
{Heap before GC invocations=116 (full 1):
 PSYoungGen      total 18944K, used 96K [0x00000000ec000000, 0x00000000edc00000, 0x0000000100000000)
  eden space 18432K, 0% used [0x00000000ec000000,0x00000000ec000000,0x00000000ed200000)
  from space 512K, 18% used [0x00000000edb00000,0x00000000edb18000,0x00000000edb80000)
  to   space 512K, 0% used [0x00000000edb80000,0x00000000edb80000,0x00000000edc00000)
 ParOldGen       total 40960K, used 39153K [0x00000000c4000000, 0x00000000c6800000, 0x00000000ec000000)
  object space 40960K, 95% used [0x00000000c4000000,0x00000000c663c438,0x00000000c6800000)
 PSPermGen       total 21504K, used 8059K [0x00000000bee00000, 0x00000000c0300000, 0x00000000c4000000)
  object space 21504K, 37% used [0x00000000bee00000,0x00000000bf5defe0,0x00000000c0300000)

